<?xml version="1.0" encoding="UTF-8" ?>
<testsuites>
  <testsuite errors="0" failures="0" hostname="ape-VirtualBox" id="0" name="EncryptTest" package="com.develogical.crypto" tests="3" time="0.578" timestamp="2014-01-22T20:59:59">
      <properties>
[...]
</properties>

      <testcase classname="com.develogical.crypto.EncryptTest" name="basicReverse" time="0.054" />

      <testcase classname="com.develogical.crypto.EncryptTest" name="basicSubstitute" time="0.012" />

      <testcase classname="com.develogical.crypto.EncryptTest" name="decodeSubstitute" time="0.002" />

      <system-out />

      <system-err />

  </testsuite>
</testsuites>
